Flow report for Top
Sat Nov 14 10:13:33 2020
Quartus II 64-Bit Version 13.0.1 Build 232 06/12/2013 Service Pack 1 SJ Web Edition


---------------------
; Table of Contents ;
---------------------
  1. Legal Notice
  2. Flow Summary
  3. Flow Settings
  4. Flow Non-Default Global Settings
  5. Flow Elapsed Time
  6. Flow OS Summary
  7. Flow Log
  8. Flow Messages
  9. Flow Suppressed Messages



----------------
; Legal Notice ;
----------------
Copyright (C) 1991-2013 Altera Corporation
Your use of Altera Corporation's design tools, logic functions 
and other software and tools, and its AMPP partner logic 
functions, and any output files from any of the foregoing 
(including device programming or simulation files), and any 
associated documentation or information are expressly subject 
to the terms and conditions of the Altera Program License 
Subscription Agreement, Altera MegaCore Function License 
Agreement, or other applicable license agreement, including, 
without limitation, that your use is for the sole purpose of 
programming logic devices manufactured by Altera and sold by 
Altera or its authorized distributors.  Please refer to the 
applicable agreement for further details.



+--------------------------------------------------------------------------------------+
; Flow Summary                                                                         ;
+------------------------------------+-------------------------------------------------+
; Flow Status                        ; Successful - Sat Nov 14 10:13:33 2020           ;
; Quartus II 64-Bit Version          ; 13.0.1 Build 232 06/12/2013 SP 1 SJ Web Edition ;
; Revision Name                      ; Top                                             ;
; Top-level Entity Name              ; Top                                             ;
; Family                             ; Cyclone III                                     ;
; Total logic elements               ; 4,523 / 10,320 ( 44 % )                         ;
;     Total combinational functions  ; 4,151 / 10,320 ( 40 % )                         ;
;     Dedicated logic registers      ; 2,802 / 10,320 ( 27 % )                         ;
; Total registers                    ; 2802                                            ;
; Total pins                         ; 19 / 183 ( 10 % )                               ;
; Total virtual pins                 ; 0                                               ;
; Total memory bits                  ; 0 / 423,936 ( 0 % )                             ;
; Embedded Multiplier 9-bit elements ; 0 / 46 ( 0 % )                                  ;
; Total PLLs                         ; 0 / 2 ( 0 % )                                   ;
; Device                             ; EP3C10F256C6                                    ;
; Timing Models                      ; Final                                           ;
+------------------------------------+-------------------------------------------------+


+-----------------------------------------+
; Flow Settings                           ;
+-------------------+---------------------+
; Option            ; Setting             ;
+-------------------+---------------------+
; Start date & time ; 11/14/2020 03:58:04 ;
; Main task         ; Compilation         ;
; Revision Name     ; Top                 ;
+-------------------+---------------------+


+----------------------------------------------------------------------------------------------------------------------------+
; Flow Non-Default Global Settings                                                                                           ;
+-------------------------------------+---------------------------------+---------------+-------------+----------------------+
; Assignment Name                     ; Value                           ; Default Value ; Entity Name ; Section Id           ;
+-------------------------------------+---------------------------------+---------------+-------------+----------------------+
; COMPILER_SIGNATURE_ID               ; 241955405497996.160531548426888 ; --            ; --          ; --                   ;
; EDA_DESIGN_ENTRY_SYNTHESIS_TOOL     ; Design Compiler                 ; <None>        ; --          ; --                   ;
; EDA_INPUT_DATA_FORMAT               ; Verilog Hdl                     ; --            ; --          ; eda_design_synthesis ;
; EDA_INPUT_VCC_NAME                  ; Vdd                             ; --            ; --          ; eda_design_synthesis ;
; EDA_LMF_FILE                        ; altsyn.lmf                      ; --            ; --          ; eda_design_synthesis ;
; EDA_OUTPUT_DATA_FORMAT              ; Verilog Hdl                     ; --            ; --          ; eda_simulation       ;
; EDA_SIMULATION_TOOL                 ; ModelSim-Altera (Verilog)       ; <None>        ; --          ; --                   ;
; PARTITION_COLOR                     ; 16764057                        ; --            ; --          ; --                   ;
; PARTITION_FITTER_PRESERVATION_LEVEL ; PLACEMENT_AND_ROUTING           ; --            ; --          ; --                   ;
; PARTITION_NETLIST_TYPE              ; SOURCE                          ; --            ; --          ; --                   ;
; PROJECT_OUTPUT_DIRECTORY            ; output_files                    ; --            ; --          ; --                   ;
+-------------------------------------+---------------------------------+---------------+-------------+----------------------+


+-------------------------------------------------------------------------------------------------------------------------------+
; Flow Elapsed Time                                                                                                             ;
+---------------------------+--------------+-------------------------+---------------------+------------------------------------+
; Module Name               ; Elapsed Time ; Average Processors Used ; Peak Virtual Memory ; Total CPU Time (on all processors) ;
+---------------------------+--------------+-------------------------+---------------------+------------------------------------+
; Analysis & Synthesis      ; 00:00:16     ; 1.0                     ; 4629 MB             ; 00:00:11                           ;
; Fitter                    ; 00:01:06     ; 1.0                     ; 4966 MB             ; 00:00:54                           ;
; Assembler                 ; 00:00:03     ; 1.0                     ; 4568 MB             ; 00:00:03                           ;
; TimeQuest Timing Analyzer ; 00:00:12     ; 1.0                     ; 4639 MB             ; 00:00:10                           ;
; EDA Netlist Writer        ; 00:00:18     ; 1.0                     ; 4562 MB             ; 00:00:16                           ;
; EDA Netlist Writer        ; 00:00:01     ; 1.0                     ; 4553 MB             ; 00:00:01                           ;
; EDA Netlist Writer        ; 00:00:03     ; 1.0                     ; 4553 MB             ; 00:00:03                           ;
; EDA Netlist Writer        ; 00:00:02     ; 1.0                     ; 4553 MB             ; 00:00:01                           ;
; EDA Netlist Writer        ; 00:00:03     ; 1.0                     ; 4553 MB             ; 00:00:03                           ;
; Total                     ; 00:02:04     ; --                      ; --                  ; 00:01:42                           ;
+---------------------------+--------------+-------------------------+---------------------+------------------------------------+


+----------------------------------------------------------------------------------------+
; Flow OS Summary                                                                        ;
+---------------------------+------------------+-----------+------------+----------------+
; Module Name               ; Machine Hostname ; OS Name   ; OS Version ; Processor type ;
+---------------------------+------------------+-----------+------------+----------------+
; Analysis & Synthesis      ; G580             ; Windows 7 ; 6.2        ; x86_64         ;
; Fitter                    ; G580             ; Windows 7 ; 6.2        ; x86_64         ;
; Assembler                 ; G580             ; Windows 7 ; 6.2        ; x86_64         ;
; TimeQuest Timing Analyzer ; G580             ; Windows 7 ; 6.2        ; x86_64         ;
; EDA Netlist Writer        ; G580             ; Windows 7 ; 6.2        ; x86_64         ;
; EDA Netlist Writer        ; G580             ; Windows 7 ; 6.2        ; x86_64         ;
; EDA Netlist Writer        ; G580             ; Windows 7 ; 6.2        ; x86_64         ;
; EDA Netlist Writer        ; G580             ; Windows 7 ; 6.2        ; x86_64         ;
; EDA Netlist Writer        ; G580             ; Windows 7 ; 6.2        ; x86_64         ;
+---------------------------+------------------+-----------+------------+----------------+


------------
; Flow Log ;
------------
quartus_map --read_settings_files=on --write_settings_files=off Top -c Top
quartus_fit --read_settings_files=off --write_settings_files=off Top -c Top
quartus_asm --read_settings_files=off --write_settings_files=off Top -c Top
quartus_sta Top -c Top
quartus_eda --read_settings_files=off --write_settings_files=off Top -c Top
quartus_eda --gen_testbench --check_outputs=on --tool=modelsim_oem --format=verilog Top -c Top --vector_source=F:/quartusProjects/SOBEL7/Waveformaaa.vwf --testbench_file=./simulation/qsim/Top.vt
quartus_eda --functional=on --simulation=on --tool=modelsim_oem --format=verilog Top -c Top
quartus_eda --gen_testbench --check_outputs=on --tool=modelsim_oem --format=verilog Top -c Top --vector_source=F:/quartusProjects/SOBEL7/Waveformaaa.vwf --testbench_file=./simulation/qsim/Top.vt
quartus_eda --functional=on --simulation=on --tool=modelsim_oem --format=verilog Top -c Top



